<?xml version="1.0" encoding="UTF-8"?>
<testng-results skipped="0" failed="0" ignored="0" total="1" passed="1">
  <reporter-output>
  </reporter-output>
  <suite name="Default suite" duration-ms="6394" started-at="2017-10-03T13:58:38Z" finished-at="2017-10-03T13:58:44Z">
    <groups>
    </groups>
    <test name="Default test" duration-ms="6394" started-at="2017-10-03T13:58:38Z" finished-at="2017-10-03T13:58:44Z">
      <class name="tests.tmp">
        <test-method status="PASS" signature="setup()[pri:0, instance:tests.tmp@3bfdc050]" name="setup" is-config="true" duration-ms="4853" started-at="2017-10-03T16:58:38Z" finished-at="2017-10-03T16:58:43Z">
          <reporter-output>
          </reporter-output>
        </test-method> <!-- setup -->
        <test-method status="PASS" signature="getMail()[pri:0, instance:tests.tmp@3bfdc050]" name="getMail" duration-ms="1516" started-at="2017-10-03T16:58:43Z" finished-at="2017-10-03T16:58:44Z">
          <reporter-output>
          </reporter-output>
        </test-method> <!-- getMail -->
      </class> <!-- tests.tmp -->
    </test> <!-- Default test -->
  </suite> <!-- Default suite -->
</testng-results>
